CREATE EXTENSION ldap_fdw;
CREATE SERVER ldap_test_server
FOREIGN DATA WRAPPER ldap_fdw
OPTIONS ( address 'localhost', port '389');
CREATE USER MAPPING FOR current_user
SERVER ldap_test_server
OPTIONS (user_dn 'cn=admin,dc=guedesoft,dc=net', password 'ldap');
CREATE FOREIGN TABLE ldap_people (
   dn text,
   object_body text
)
SERVER ldap_test_server
OPTIONS (base_dn 'DC=guedesoft,DC=net');
SELECT * FROM ldap_people WHERE dn = 'cn=admin,dc=guedesoft,dc=net';
              dn              |                     object_body                      
------------------------------+------------------------------------------------------
 cn=admin,dc=guedesoft,dc=net | objectClass: simpleSecurityObject                   +
                              | ,organizationalRole                                 +
                              | cn: admin                                           +
                              | description: LDAP administrator                     +
                              | userPassword: {SSHA}W0P/R7GRoqr1sl2JMMnG0TXn1UP1uVn6+
                              | 
(1 row)

